<?xml version="1.0" encoding="UTF-8"?>
<!-- Generated by org.testng.reporters.JUnitXMLReporter -->
<testsuite ignored="0" hostname="DESKTOP-NJQ0HBE" failures="0" tests="4" name="Profile" time="17.337" errors="0" timestamp="2023-06-14T04:16:14 PKT">
  <testcase classname="com.ecommerce.testCases.Login_TC_001" name="login" time="0.451"/>
  <testcase classname="com.ecommerce.testCases.Login_TC_001" name="visitProfile" time="7.414"/>
  <testcase classname="com.ecommerce.testCases.Login_TC_001" name="searchQuery" time="0.014"/>
  <testcase classname="com.ecommerce.testCases.Login_TC_001" name="enableShotcuts" time="3.15"/>
</testsuite> <!-- Profile -->
