<?xml version="1.0" encoding="UTF-8"?>
<!-- Generated by org.testng.reporters.JUnitXMLReporter -->
<testsuite ignored="0" hostname="DESKTOP-NJQ0HBE" failures="0" tests="3" name="Shotcut Keys" time="17.657" errors="0" timestamp="2023-06-15T03:03:41 PKT">
  <testcase classname="com.ecommerce.testCases.Profile_TC_002" name="loginTest" time="0.482"/>
  <testcase classname="com.ecommerce.testCases.Profile_TC_002" name="visitProfile" time="5.502"/>
  <testcase classname="com.ecommerce.testCases.Profile_TC_002" name="enableShotcuts" time="3.193"/>
</testsuite> <!-- Shotcut Keys -->
