<?xml version="1.0" encoding="UTF-8"?>
<!-- Generated by org.testng.reporters.JUnitXMLReporter -->
<testsuite ignored="1" hostname="DESKTOP-NJQ0HBE" failures="0" tests="1" name="Test" time="21.765" errors="0" timestamp="2022-06-27T12:11:21 PKT">
  <testcase classname="com.ecommerce.testCases.TC_DatePickerTest_002" name="DataPickerTest" time="6.071"/>
  <testcase classname="com.ecommerce.testCases.TC_AutoSearchTest_001" name="AutoSearchTest" time="0.0">
    <ignored/>
  </testcase> <!-- AutoSearchTest -->
</testsuite> <!-- Test -->
