<?xml version="1.0" encoding="UTF-8"?>
<testsuite xmlns:xsi="http://www.w3.org/2001/XMLSchema-instance" xsi:noNamespaceSchemaLocation="https://maven.apache.org/surefire/maven-surefire-plugin/xsd/surefire-test-report-3.0.xsd" version="3.0" name="TestSuite" time="27.179" tests="3" errors="0" skipped="0" failures="0">
  <properties>
[...]
</properties>
  <testcase name="login" classname="com.ecommerce.testCases.Login_TC_001" time="0.956">
    <system-out><![CDATA[Inform all the suite starts execution at 2023-06-30T06:49:52.219493400
Setup.setup(java.lang.String,java.lang.String)[pri:0, instance:com.ecommerce.testCases.Login_TC_001@d9345cd]chrome https://stackoverflow.com/users/login  227755469
Setup.setup(java.lang.String,java.lang.String)[pri:0, instance:com.ecommerce.testCases.Login_TC_001@d9345cd]chrome https://stackoverflow.com/users/login  227755469
Login_TC_001.login()[pri:1, instance:com.ecommerce.testCases.Login_TC_001@d9345cd] 227755469
Login_TC_001.login()[pri:1, instance:com.ecommerce.testCases.Login_TC_001@d9345cd] 227755469
]]></system-out>
    <system-err><![CDATA[SLF4J: Failed to load class "org.slf4j.impl.StaticLoggerBinder".
SLF4J: Defaulting to no-operation (NOP) logger implementation
SLF4J: See http://www.slf4j.org/codes.html#StaticLoggerBinder for further details.
ERROR StatusLogger Log4j2 could not find a logging implementation. Please add log4j-core to the classpath. Using SimpleLogger to log to the console...
Starting ChromeDriver 114.0.5735.90 (386bc09e8f4f2e025eddae123f36f6263096ae49-refs/branch-heads/5735@{#1052}) on port 53496
Only local connections are allowed.
Please see https://chromedriver.chromium.org/security-considerations for suggestions on keeping ChromeDriver safe.
ChromeDriver was started successfully.
Jun 30, 2023 6:50:03 AM org.openqa.selenium.remote.ProtocolHandshake createSession
INFO: Detected dialect: W3C
Jun 30, 2023 6:50:03 AM org.openqa.selenium.devtools.CdpVersionFinder findNearestMatch
WARNING: Unable to find an exact match for CDP version 114, so returning the closest version found: a no-op implementation
Jun 30, 2023 6:50:03 AM org.openqa.selenium.devtools.CdpVersionFinder findNearestMatch
INFO: Unable to find CDP implementation matching 114.
Jun 30, 2023 6:50:04 AM org.openqa.selenium.chromium.ChromiumDriver lambda$new$3
WARNING: Unable to find version of CDP to use for . You may need to include a dependency on a specific version of the CDP using something similar to `org.seleniumhq.selenium:selenium-devtools-v86:4.1.3` where the version ("v86") matches the version of the chromium-based browser you're using and the version number of the artifact is the same as Selenium's.
]]></system-err>
  </testcase>
  <testcase name="visitProfile" classname="com.ecommerce.testCases.Login_TC_001" time="9.914">
    <system-out><![CDATA[Login_TC_001.visitProfile()[pri:2, instance:com.ecommerce.testCases.Login_TC_001@d9345cd] 227755469
Login_TC_001.visitProfile()[pri:2, instance:com.ecommerce.testCases.Login_TC_001@d9345cd] 227755469
]]></system-out>
  </testcase>
  <testcase name="searchQuery" classname="com.ecommerce.testCases.Login_TC_001" time="0.014">
    <system-out><![CDATA[Login_TC_001.searchQuery()[pri:3, instance:com.ecommerce.testCases.Login_TC_001@d9345cd] 227755469
Login_TC_001.searchQuery()[pri:3, instance:com.ecommerce.testCases.Login_TC_001@d9345cd] 227755469
]]></system-out>
  </testcase>
</testsuite>