<?xml version="1.0" encoding="UTF-8"?>
<testng-results ignored="0" total="1" passed="1" failed="0" skipped="0">
  <reporter-output>
  </reporter-output>
  <suite started-at="2022-06-11T07:13:42 PKT" name="Suite" finished-at="2022-06-11T07:13:59 PKT" duration-ms="17033">
    <groups>
    </groups>
    <test started-at="2022-06-11T07:13:42 PKT" name="Test" finished-at="2022-06-11T07:13:59 PKT" duration-ms="17033">
      <class name="com.ecommerce.testCases.BaseClass">
        <test-method signature="start()[pri:0, instance:com.ecommerce.testCases.BaseClass@1a052a00]" started-at="2022-06-11T07:13:42 PKT" name="start" finished-at="2022-06-11T07:13:59 PKT" duration-ms="16986" status="PASS">
          <reporter-output>
          </reporter-output>
        </test-method> <!-- start -->
      </class> <!-- com.ecommerce.testCases.BaseClass -->
    </test> <!-- Test -->
  </suite> <!-- Suite -->
</testng-results>
