<?xml version="1.0" encoding="UTF-8"?>
<testng-results ignored="0" total="1" passed="1" failed="0" skipped="0">
  <reporter-output>
  </reporter-output>
  <suite started-at="2022-06-11T06:16:17 PKT" name="Default suite" finished-at="2022-06-11T06:16:42 PKT" duration-ms="24881">
    <groups>
    </groups>
    <test started-at="2022-06-11T06:16:17 PKT" name="Default test" finished-at="2022-06-11T06:16:42 PKT" duration-ms="24881">
      <class name="com.ecommerce.testCases.BaseClass">
        <test-method signature="start()[pri:0, instance:com.ecommerce.testCases.BaseClass@61df66b6]" started-at="2022-06-11T06:16:17 PKT" name="start" finished-at="2022-06-11T06:16:42 PKT" duration-ms="24831" status="PASS">
          <reporter-output>
          </reporter-output>
        </test-method> <!-- start -->
      </class> <!-- com.ecommerce.testCases.BaseClass -->
    </test> <!-- Default test -->
  </suite> <!-- Default suite -->
</testng-results>
